<?xml version="1.0" encoding="UTF-8"?>
<!-- Generated by org.testng.reporters.JUnitReportReporter -->
<testsuite hostname="DESKTOP-19LVQHB" failures="0" tests="2" name="testNGGroupingTests.paymentMethods" time="0.031" errors="0" timestamp="2025-05-20T18:47:00 IST" skipped="0">
  <testcase classname="testNGGroupingTests.paymentMethods" name="paymentInCash" time="0.027"/>
  <testcase classname="testNGGroupingTests.paymentMethods" name="paymentInCard" time="0.004"/>
</testsuite> <!-- testNGGroupingTests.paymentMethods -->
