<?xml version="1.0" encoding="UTF-8"?>
<!-- Generated by org.testng.reporters.JUnitReportReporter -->
<testsuite hostname="DESKTOP-19LVQHB" failures="0" tests="3" name="testNGGroupingTests.signUpTests" time="0.023" errors="0" timestamp="2025-05-16T16:56:22 IST" skipped="0">
  <testcase classname="testNGGroupingTests.signUpTests" name="signupByEmail" time="0.004"/>
  <testcase classname="testNGGroupingTests.signUpTests" name="signupByFacebook" time="0.011"/>
  <testcase classname="testNGGroupingTests.signUpTests" name="signupByInstagram" time="0.008"/>
</testsuite> <!-- testNGGroupingTests.signUpTests -->
