<?xml version="1.0" encoding="UTF-8"?>
<!-- Generated by org.testng.reporters.JUnitReportReporter -->
<testsuite hostname="DESKTOP-19LVQHB" failures="0" tests="1" name="newTestNGTest.Test4" time="0.017" errors="0" timestamp="2025-05-14T15:54:21 IST" skipped="0">
  <testcase classname="newTestNGTest.Test4" name="f" time="0.017"/>
</testsuite> <!-- newTestNGTest.Test4 -->
