<?xml version="1.0" encoding="UTF-8"?>
<!-- Generated by org.testng.reporters.JUnitReportReporter -->
<testsuite hostname="DESKTOP-19LVQHB" failures="0" tests="1" name="trustedPeptides.LogoutTest" time="7.162" errors="0" timestamp="2025-06-06T15:44:35 IST" skipped="0">
  <testcase classname="trustedPeptides.LogoutTest" name="logoutTest" time="7.162"/>
</testsuite> <!-- trustedPeptides.LogoutTest -->
