<?xml version="1.0" encoding="UTF-8"?>
<!-- Generated by org.testng.reporters.JUnitReportReporter -->
<testsuite hostname="DESKTOP-19LVQHB" failures="0" tests="1" name="testNGGroupingTests.LoginTests" time="0.015" errors="0" timestamp="2025-05-16T16:56:50 IST" skipped="0">
  <testcase classname="testNGGroupingTests.LoginTests" name="loginByEmail" time="0.015"/>
</testsuite> <!-- testNGGroupingTests.LoginTests -->
