<?xml version="1.0" encoding="UTF-8"?>
<!-- Generated by org.testng.reporters.JUnitReportReporter -->
<testsuite hostname="DESKTOP-19LVQHB" failures="0" tests="2" name="threadSafetyConcept.NewTest2" time="12.998" errors="0" timestamp="2025-06-05T13:18:25 IST" skipped="0">
  <testcase classname="threadSafetyConcept.NewTest2" name="test1" time="6.117"/>
  <testcase classname="threadSafetyConcept.NewTest2" name="test2" time="6.881"/>
</testsuite> <!-- threadSafetyConcept.NewTest2 -->
