<?xml version="1.0" encoding="UTF-8"?>
<!-- Generated by org.testng.reporters.JUnitReportReporter -->
<testsuite hostname="DESKTOP-19LVQHB" failures="0" tests="3" name="testNG.TestCase1" time="0.016" errors="0" timestamp="2025-05-14T11:02:37 IST" skipped="0">
  <testcase classname="testNG.TestCase1" name="openApp" time="0.000"/>
  <testcase classname="testNG.TestCase1" name="login" time="0.016"/>
  <testcase classname="testNG.TestCase1" name="logout" time="0.000"/>
</testsuite> <!-- testNG.TestCase1 -->
