<?xml version="1.0" encoding="UTF-8"?>
<!-- Generated by org.testng.reporters.JUnitReportReporter -->
<testsuite hostname="DESKTOP-19LVQHB" failures="0" tests="1" name="trustedPeptides.AddToCartTest" time="22.196" errors="0" timestamp="2025-06-06T16:43:09 IST" skipped="0">
  <testcase classname="trustedPeptides.AddToCartTest" name="addToCartTest" time="22.196"/>
</testsuite> <!-- trustedPeptides.AddToCartTest -->
