<?xml version="1.0" encoding="UTF-8"?>
<!-- Generated by org.testng.reporters.JUnitReportReporter -->
<testsuite hostname="DESKTOP-19LVQHB" failures="0" tests="1" name="rxPeptideTestCases.RegistrationTest" time="9.506" errors="0" timestamp="2025-06-09T11:34:43 IST" skipped="0">
  <testcase classname="rxPeptideTestCases.RegistrationTest" name="registrationTest" time="9.506"/>
</testsuite> <!-- rxPeptideTestCases.RegistrationTest -->
