<?xml version="1.0" encoding="UTF-8"?>
<!-- Generated by org.testng.reporters.JUnitReportReporter -->
<testsuite hostname="DESKTOP-19LVQHB" failures="0" tests="1" name="newTestNGTest.Test3" time="0.004" errors="0" timestamp="2025-05-14T11:11:48 IST" skipped="0">
  <testcase classname="newTestNGTest.Test3" name="f" time="0.004"/>
</testsuite> <!-- newTestNGTest.Test3 -->
