<?xml version="1.0" encoding="UTF-8"?>
<!-- Generated by org.testng.reporters.JUnitReportReporter -->
<testsuite hostname="DESKTOP-19LVQHB" failures="0" tests="5" name="testNG.OrangeHRMTest" time="11.010" errors="0" timestamp="2025-05-14T11:02:37 IST" skipped="0">
  <testcase classname="testNG.OrangeHRMTest" name="openApp" time="3.647"/>
  <testcase classname="testNG.OrangeHRMTest" name="testLogo" time="0.782"/>
  <testcase classname="testNG.OrangeHRMTest" name="login" time="0.439"/>
  <testcase classname="testNG.OrangeHRMTest" name="logout" time="3.832"/>
  <testcase classname="testNG.OrangeHRMTest" name="close" time="2.310"/>
</testsuite> <!-- testNG.OrangeHRMTest -->
