<?xml version="1.0" encoding="UTF-8"?>
<!-- Generated by org.testng.reporters.JUnitReportReporter -->
<testsuite hostname="DESKTOP-19LVQHB" failures="0" tests="1" name="trustedPeptides.LoginTest" time="5.317" errors="0" timestamp="2025-06-06T15:47:20 IST" skipped="0">
  <testcase classname="trustedPeptides.LoginTest" name="loginTest" time="5.317"/>
</testsuite> <!-- trustedPeptides.LoginTest -->
