<?xml version="1.0" encoding="UTF-8"?>
<!-- Generated by org.testng.reporters.JUnitReportReporter -->
<testsuite hostname="DESKTOP-19LVQHB" failures="0" tests="1" name="rxPeptideTestCases.copy.LogoutTest" time="7.106" errors="0" timestamp="2025-06-06T17:51:15 IST" skipped="0">
  <testcase classname="rxPeptideTestCases.copy.LogoutTest" name="logoutTest" time="7.106"/>
</testsuite> <!-- rxPeptideTestCases.copy.LogoutTest -->
