<?xml version="1.0" encoding="UTF-8"?>
<!-- Generated by org.testng.reporters.JUnitReportReporter -->
<testsuite hostname="DESKTOP-19LVQHB" failures="0" tests="1" name="trustedPeptides.NewTest" time="6.011" errors="0" timestamp="2025-06-06T15:19:37 IST" skipped="0">
  <testcase classname="trustedPeptides.NewTest" name="loginTest" time="6.011"/>
</testsuite> <!-- trustedPeptides.NewTest -->
