<?xml version="1.0" encoding="UTF-8"?>
<!-- Generated by org.testng.reporters.JUnitReportReporter -->
<testsuite hostname="DESKTOP-19LVQHB" failures="0" tests="1" name="newTestNGTest.NewTest" time="0.010" errors="0" timestamp="2025-05-14T11:10:00 IST" skipped="0">
  <testcase classname="newTestNGTest.NewTest" name="f" time="0.010"/>
</testsuite> <!-- newTestNGTest.NewTest -->
