<?xml version="1.0" encoding="UTF-8"?>
<!-- Generated by org.testng.reporters.JUnitReportReporter -->
<testsuite hostname="DESKTOP-19LVQHB" failures="0" tests="1" name="rxPeptideTestCases.AddToCartTest" time="22.449" errors="0" timestamp="2025-06-09T15:50:52 IST" skipped="0">
  <testcase classname="rxPeptideTestCases.AddToCartTest" name="addToCartTest" time="22.449"/>
</testsuite> <!-- rxPeptideTestCases.AddToCartTest -->
