<?xml version="1.0" encoding="UTF-8"?>
<!-- Generated by org.testng.reporters.JUnitReportReporter -->
<testsuite hostname="DESKTOP-19LVQHB" failures="0" tests="1" name="rxPeptideTestCases.PlaceOrderTest" time="51.724" errors="0" timestamp="2025-06-09T11:34:43 IST" skipped="0">
  <testcase classname="rxPeptideTestCases.PlaceOrderTest" name="placeOrderTest" time="51.724"/>
</testsuite> <!-- rxPeptideTestCases.PlaceOrderTest -->
