<?xml version="1.0" encoding="UTF-8"?>
<!-- Generated by org.testng.reporters.JUnitReportReporter -->
<testsuite hostname="DESKTOP-19LVQHB" failures="0" tests="1" name="trustedPeptides.RemoveFromCart" time="25.287" errors="0" timestamp="2025-06-06T16:54:41 IST" skipped="0">
  <testcase classname="trustedPeptides.RemoveFromCart" name="removeFromCart" time="25.287"/>
</testsuite> <!-- trustedPeptides.RemoveFromCart -->
