<?xml version="1.0" encoding="UTF-8"?>
<!-- Generated by org.testng.reporters.JUnitReportReporter -->
<testsuite hostname="DESKTOP-19LVQHB" failures="0" tests="2" name="newTestNGTest.Test1" time="0.041" errors="0" timestamp="2025-05-14T11:11:48 IST" skipped="0">
  <testcase classname="newTestNGTest.Test1" name="checkLogo" time="0.025"/>
  <testcase classname="newTestNGTest.Test1" name="login" time="0.016"/>
</testsuite> <!-- newTestNGTest.Test1 -->
